\BOOKMARK [1][-]{section.1}{1 Einleitung}{}% 1
\BOOKMARK [1][-]{section.2}{2 Theoretische Grundlagen}{}% 2
\BOOKMARK [2][-]{subsection.2.1}{2.1 Neuronale Netze}{section.2}% 3
\BOOKMARK [2][-]{subsection.2.2}{2.2 Gradient Descent}{section.2}% 4
\BOOKMARK [2][-]{subsection.2.3}{2.3 Optimierungsmethoden}{section.2}% 5
\BOOKMARK [3][-]{subsubsection.2.3.1}{2.3.1 Stochastic Gradient Descent}{subsection.2.3}% 6
\BOOKMARK [3][-]{subsubsection.2.3.2}{2.3.2 Adagrad}{subsection.2.3}% 7
\BOOKMARK [3][-]{subsubsection.2.3.3}{2.3.3 Adam}{subsection.2.3}% 8
\BOOKMARK [1][-]{section.3}{3 Evaluation}{}% 9
\BOOKMARK [2][-]{subsection.3.1}{3.1 Test Datensatz}{section.3}% 10
\BOOKMARK [3][-]{subsubsection.3.1.1}{3.1.1 Boston House Price}{subsection.3.1}% 11
\BOOKMARK [3][-]{subsubsection.3.1.2}{3.1.2 Breast Cancer}{subsection.3.1}% 12
\BOOKMARK [2][-]{subsection.3.2}{3.2 Metrik}{section.3}% 13
\BOOKMARK [2][-]{subsection.3.3}{3.3 Programm}{section.3}% 14
\BOOKMARK [3][-]{subsubsection.3.3.1}{3.3.1 Frameworks}{subsection.3.3}% 15
\BOOKMARK [3][-]{subsubsection.3.3.2}{3.3.2 Aufbau}{subsection.3.3}% 16
\BOOKMARK [2][-]{subsection.3.4}{3.4 Auswertung}{section.3}% 17
\BOOKMARK [1][-]{section.4}{4 Fazit}{}% 18
\BOOKMARK [1][-]{section.4}{Literaturverzeichnis}{}% 19
\BOOKMARK [1][-]{section*.4}{Eidesstattliche Erkl\344rung}{}% 20
